{"C:\\Users\\421931\\Desktop\\projects_carlos\\produtividade\\back\\src\\data\\useCases\\db-add-productivity.ts": {"path":"C:\\Users\\421931\\Desktop\\projects_carlos\\produtividade\\back\\src\\data\\useCases\\db-add-productivity.ts","statementMap":{"0":{"start":{"line":5,"column":32},"end":{"line":5,"column":84}},"1":{"start":{"line":8,"column":24},"end":{"line":8,"column":72}},"2":{"start":{"line":9,"column":4},"end":{"line":9,"column":null}},"3":{"start":{"line":4,"column":0},"end":{"line":4,"column":13}}},"fnMap":{"0":{"name":"(anonymous_0)","decl":{"start":{"line":5,"column":2},"end":{"line":5,"column":32}},"loc":{"start":{"line":5,"column":84},"end":{"line":5,"column":88}}},"1":{"name":"(anonymous_1)","decl":{"start":{"line":7,"column":2},"end":{"line":7,"column":7}},"loc":{"start":{"line":7,"column":43},"end":{"line":10,"column":3}}}},"branchMap":{},"s":{"0":3,"1":3,"2":2,"3":1},"f":{"0":3,"1":3},"b":{}}
,"C:\\Users\\421931\\Desktop\\projects_carlos\\produtividade\\back\\src\\domain\\models\\productivityDetails.ts": {"path":"C:\\Users\\421931\\Desktop\\projects_carlos\\produtividade\\back\\src\\domain\\models\\productivityDetails.ts","statementMap":{"0":{"start":{"line":20,"column":0},"end":{"line":20,"column":null}},"1":{"start":{"line":21,"column":2},"end":{"line":21,"column":null}},"2":{"start":{"line":22,"column":2},"end":{"line":22,"column":null}},"3":{"start":{"line":23,"column":2},"end":{"line":23,"column":null}},"4":{"start":{"line":26,"column":0},"end":{"line":26,"column":null}},"5":{"start":{"line":27,"column":2},"end":{"line":27,"column":null}},"6":{"start":{"line":28,"column":2},"end":{"line":28,"column":null}},"7":{"start":{"line":29,"column":2},"end":{"line":29,"column":null}},"8":{"start":{"line":32,"column":0},"end":{"line":32,"column":null}},"9":{"start":{"line":33,"column":2},"end":{"line":33,"column":null}},"10":{"start":{"line":34,"column":2},"end":{"line":34,"column":null}},"11":{"start":{"line":37,"column":0},"end":{"line":37,"column":null}},"12":{"start":{"line":38,"column":2},"end":{"line":38,"column":null}},"13":{"start":{"line":39,"column":2},"end":{"line":39,"column":null}}},"fnMap":{"0":{"name":"(anonymous_0)","decl":{"start":{"line":20,"column":0},"end":{"line":20,"column":12}},"loc":{"start":{"line":20,"column":21},"end":{"line":24,"column":1}}},"1":{"name":"(anonymous_1)","decl":{"start":{"line":26,"column":0},"end":{"line":26,"column":12}},"loc":{"start":{"line":26,"column":25},"end":{"line":30,"column":1}}},"2":{"name":"(anonymous_2)","decl":{"start":{"line":32,"column":0},"end":{"line":32,"column":12}},"loc":{"start":{"line":32,"column":23},"end":{"line":35,"column":1}}},"3":{"name":"(anonymous_3)","decl":{"start":{"line":37,"column":0},"end":{"line":37,"column":12}},"loc":{"start":{"line":37,"column":21},"end":{"line":40,"column":1}}}},"branchMap":{"0":{"loc":{"start":{"line":20,"column":12},"end":{"line":20,"column":null}},"type":"binary-expr","locations":[{"start":{"line":20,"column":12},"end":{"line":20,"column":21}},{"start":{"line":20,"column":21},"end":{"line":20,"column":null}}]},"1":{"loc":{"start":{"line":26,"column":12},"end":{"line":26,"column":null}},"type":"binary-expr","locations":[{"start":{"line":26,"column":12},"end":{"line":26,"column":25}},{"start":{"line":26,"column":25},"end":{"line":26,"column":null}}]},"2":{"loc":{"start":{"line":32,"column":12},"end":{"line":32,"column":null}},"type":"binary-expr","locations":[{"start":{"line":32,"column":12},"end":{"line":32,"column":23}},{"start":{"line":32,"column":23},"end":{"line":32,"column":null}}]},"3":{"loc":{"start":{"line":37,"column":12},"end":{"line":37,"column":null}},"type":"binary-expr","locations":[{"start":{"line":37,"column":12},"end":{"line":37,"column":21}},{"start":{"line":37,"column":21},"end":{"line":37,"column":null}}]}},"s":{"0":0,"1":0,"2":0,"3":0,"4":0,"5":0,"6":0,"7":0,"8":0,"9":0,"10":0,"11":0,"12":0,"13":0},"f":{"0":0,"1":0,"2":0,"3":0},"b":{"0":[0,0],"1":[0,0],"2":[0,0],"3":[0,0]}}
,"C:\\Users\\421931\\Desktop\\projects_carlos\\produtividade\\back\\src\\domain\\models\\transportDetails.ts": {"path":"C:\\Users\\421931\\Desktop\\projects_carlos\\produtividade\\back\\src\\domain\\models\\transportDetails.ts","statementMap":{"0":{"start":{"line":37,"column":0},"end":{"line":37,"column":null}},"1":{"start":{"line":38,"column":2},"end":{"line":38,"column":null}},"2":{"start":{"line":39,"column":2},"end":{"line":39,"column":null}},"3":{"start":{"line":40,"column":2},"end":{"line":40,"column":null}},"4":{"start":{"line":43,"column":0},"end":{"line":43,"column":null}},"5":{"start":{"line":44,"column":2},"end":{"line":44,"column":null}},"6":{"start":{"line":45,"column":2},"end":{"line":45,"column":null}},"7":{"start":{"line":46,"column":2},"end":{"line":46,"column":null}},"8":{"start":{"line":49,"column":0},"end":{"line":49,"column":null}},"9":{"start":{"line":50,"column":2},"end":{"line":50,"column":null}},"10":{"start":{"line":51,"column":2},"end":{"line":51,"column":null}},"11":{"start":{"line":54,"column":0},"end":{"line":54,"column":null}},"12":{"start":{"line":55,"column":2},"end":{"line":55,"column":null}},"13":{"start":{"line":56,"column":2},"end":{"line":56,"column":null}}},"fnMap":{"0":{"name":"(anonymous_0)","decl":{"start":{"line":37,"column":0},"end":{"line":37,"column":12}},"loc":{"start":{"line":37,"column":25},"end":{"line":41,"column":1}}},"1":{"name":"(anonymous_1)","decl":{"start":{"line":43,"column":0},"end":{"line":43,"column":12}},"loc":{"start":{"line":43,"column":29},"end":{"line":47,"column":1}}},"2":{"name":"(anonymous_2)","decl":{"start":{"line":49,"column":0},"end":{"line":49,"column":12}},"loc":{"start":{"line":49,"column":27},"end":{"line":52,"column":1}}},"3":{"name":"(anonymous_3)","decl":{"start":{"line":54,"column":0},"end":{"line":54,"column":12}},"loc":{"start":{"line":54,"column":25},"end":{"line":57,"column":1}}}},"branchMap":{"0":{"loc":{"start":{"line":37,"column":12},"end":{"line":37,"column":null}},"type":"binary-expr","locations":[{"start":{"line":37,"column":12},"end":{"line":37,"column":25}},{"start":{"line":37,"column":25},"end":{"line":37,"column":null}}]},"1":{"loc":{"start":{"line":43,"column":12},"end":{"line":43,"column":null}},"type":"binary-expr","locations":[{"start":{"line":43,"column":12},"end":{"line":43,"column":29}},{"start":{"line":43,"column":29},"end":{"line":43,"column":null}}]},"2":{"loc":{"start":{"line":49,"column":12},"end":{"line":49,"column":null}},"type":"binary-expr","locations":[{"start":{"line":49,"column":12},"end":{"line":49,"column":27}},{"start":{"line":49,"column":27},"end":{"line":49,"column":null}}]},"3":{"loc":{"start":{"line":54,"column":12},"end":{"line":54,"column":null}},"type":"binary-expr","locations":[{"start":{"line":54,"column":12},"end":{"line":54,"column":25}},{"start":{"line":54,"column":25},"end":{"line":54,"column":null}}]}},"s":{"0":3,"1":3,"2":3,"3":3,"4":3,"5":3,"6":3,"7":3,"8":3,"9":3,"10":3,"11":3,"12":3,"13":3},"f":{"0":3,"1":3,"2":3,"3":3},"b":{"0":[3,3],"1":[3,3],"2":[3,3],"3":[3,3]}}
,"C:\\Users\\421931\\Desktop\\projects_carlos\\produtividade\\back\\src\\infra\\db\\repository-add-productivity-prisma.ts": {"path":"C:\\Users\\421931\\Desktop\\projects_carlos\\produtividade\\back\\src\\infra\\db\\repository-add-productivity-prisma.ts","statementMap":{"0":{"start":{"line":5,"column":32},"end":{"line":5,"column":52}},"1":{"start":{"line":7,"column":19},"end":{"line":7,"column":30}},"2":{"start":{"line":8,"column":23},"end":{"line":8,"column":91}},"3":{"start":{"line":10,"column":4},"end":{"line":12,"column":5}},"4":{"start":{"line":11,"column":6},"end":{"line":11,"column":null}},"5":{"start":{"line":13,"column":98},"end":{"line":13,"column":104}},"6":{"start":{"line":14,"column":4},"end":{"line":46,"column":null}},"7":{"start":{"line":47,"column":4},"end":{"line":47,"column":null}},"8":{"start":{"line":4,"column":0},"end":{"line":4,"column":13}}},"fnMap":{"0":{"name":"(anonymous_0)","decl":{"start":{"line":5,"column":2},"end":{"line":5,"column":32}},"loc":{"start":{"line":5,"column":52},"end":{"line":5,"column":56}}},"1":{"name":"(anonymous_1)","decl":{"start":{"line":6,"column":2},"end":{"line":6,"column":7}},"loc":{"start":{"line":6,"column":53},"end":{"line":48,"column":3}}}},"branchMap":{"0":{"loc":{"start":{"line":10,"column":4},"end":{"line":12,"column":5}},"type":"if","locations":[{"start":{"line":10,"column":4},"end":{"line":12,"column":5}}]}},"s":{"0":3,"1":2,"2":2,"3":2,"4":1,"5":1,"6":1,"7":0,"8":1},"f":{"0":3,"1":2},"b":{"0":[1]}}
,"C:\\Users\\421931\\Desktop\\projects_carlos\\produtividade\\back\\src\\infra\\helpers\\returnParams.ts": {"path":"C:\\Users\\421931\\Desktop\\projects_carlos\\produtividade\\back\\src\\infra\\helpers\\returnParams.ts","statementMap":{"0":{"start":{"line":3,"column":32},"end":{"line":15,"column":1}},"1":{"start":{"line":4,"column":2},"end":{"line":10,"column":3}},"2":{"start":{"line":5,"column":4},"end":{"line":9,"column":null}},"3":{"start":{"line":11,"column":2},"end":{"line":14,"column":null}},"4":{"start":{"line":3,"column":13},"end":{"line":3,"column":32}}},"fnMap":{"0":{"name":"(anonymous_0)","decl":{"start":{"line":3,"column":32},"end":{"line":3,"column":33}},"loc":{"start":{"line":3,"column":99},"end":{"line":15,"column":1}}}},"branchMap":{"0":{"loc":{"start":{"line":4,"column":2},"end":{"line":10,"column":3}},"type":"if","locations":[{"start":{"line":4,"column":2},"end":{"line":10,"column":3}}]},"1":{"loc":{"start":{"line":4,"column":7},"end":{"line":4,"column":19}},"type":"cond-expr","locations":[{"start":{"line":4,"column":13},"end":{"line":4,"column":15}},{"start":{"line":4,"column":7},"end":{"line":4,"column":19}}]},"2":{"loc":{"start":{"line":4,"column":7},"end":{"line":4,"column":15}},"type":"binary-expr","locations":[{"start":{"line":4,"column":7},"end":{"line":4,"column":15}},{"start":{"line":4,"column":7},"end":{"line":4,"column":15}}]},"3":{"loc":{"start":{"line":7,"column":16},"end":{"line":7,"column":30}},"type":"binary-expr","locations":[{"start":{"line":7,"column":16},"end":{"line":7,"column":24}},{"start":{"line":7,"column":28},"end":{"line":7,"column":30}}]}},"s":{"0":0,"1":0,"2":0,"3":0,"4":0},"f":{"0":0},"b":{"0":[0],"1":[0,0],"2":[0,0],"3":[0,0]}}
,"C:\\Users\\421931\\Desktop\\projects_carlos\\produtividade\\back\\src\\infra\\validator\\zod\\validatorZod.ts": {"path":"C:\\Users\\421931\\Desktop\\projects_carlos\\produtividade\\back\\src\\infra\\validator\\zod\\validatorZod.ts","statementMap":{"0":{"start":{"line":2,"column":0},"end":{"line":2,"column":46}},"1":{"start":{"line":8,"column":4},"end":{"line":8,"column":null}},"2":{"start":{"line":13,"column":4},"end":{"line":29,"column":5}},"3":{"start":{"line":14,"column":6},"end":{"line":14,"column":null}},"4":{"start":{"line":15,"column":6},"end":{"line":18,"column":null}},"5":{"start":{"line":20,"column":6},"end":{"line":28,"column":7}},"6":{"start":{"line":22,"column":23},"end":{"line":22,"column":67}},"7":{"start":{"line":22,"column":45},"end":{"line":22,"column":54}},"8":{"start":{"line":24,"column":8},"end":{"line":27,"column":null}},"9":{"start":{"line":4,"column":0},"end":{"line":4,"column":13}}},"fnMap":{"0":{"name":"(anonymous_0)","decl":{"start":{"line":7,"column":2},"end":{"line":7,"column":15}},"loc":{"start":{"line":7,"column":32},"end":{"line":9,"column":3}}},"1":{"name":"(anonymous_1)","decl":{"start":{"line":11,"column":2},"end":{"line":11,"column":7}},"loc":{"start":{"line":11,"column":33},"end":{"line":30,"column":3}}},"2":{"name":"(anonymous_2)","decl":{"start":{"line":22,"column":40},"end":{"line":22,"column":41}},"loc":{"start":{"line":22,"column":45},"end":{"line":22,"column":54}}}},"branchMap":{"0":{"loc":{"start":{"line":20,"column":6},"end":{"line":28,"column":7}},"type":"if","locations":[{"start":{"line":20,"column":6},"end":{"line":28,"column":7}}]}},"s":{"0":1,"1":5,"2":4,"3":4,"4":1,"5":3,"6":3,"7":5,"8":3,"9":1},"f":{"0":5,"1":4,"2":5},"b":{"0":[3]}}
,"C:\\Users\\421931\\Desktop\\projects_carlos\\produtividade\\back\\src\\presentation\\controllers\\add-productivity.ts": {"path":"C:\\Users\\421931\\Desktop\\projects_carlos\\produtividade\\back\\src\\presentation\\controllers\\add-productivity.ts","statementMap":{"0":{"start":{"line":4,"column":0},"end":{"line":4,"column":56}},"1":{"start":{"line":8,"column":21},"end":{"line":8,"column":53}},"2":{"start":{"line":9,"column":21},"end":{"line":9,"column":53}},"3":{"start":{"line":13,"column":4},"end":{"line":26,"column":5}},"4":{"start":{"line":14,"column":25},"end":{"line":14,"column":69}},"5":{"start":{"line":16,"column":6},"end":{"line":18,"column":7}},"6":{"start":{"line":17,"column":8},"end":{"line":17,"column":null}},"7":{"start":{"line":19,"column":30},"end":{"line":19,"column":69}},"8":{"start":{"line":20,"column":6},"end":{"line":22,"column":7}},"9":{"start":{"line":21,"column":8},"end":{"line":21,"column":null}},"10":{"start":{"line":23,"column":6},"end":{"line":23,"column":null}},"11":{"start":{"line":25,"column":6},"end":{"line":25,"column":null}},"12":{"start":{"line":6,"column":0},"end":{"line":6,"column":13}}},"fnMap":{"0":{"name":"(anonymous_0)","decl":{"start":{"line":7,"column":2},"end":{"line":7,"column":null}},"loc":{"start":{"line":9,"column":53},"end":{"line":10,"column":6}}},"1":{"name":"(anonymous_1)","decl":{"start":{"line":12,"column":2},"end":{"line":12,"column":7}},"loc":{"start":{"line":12,"column":28},"end":{"line":27,"column":3}}}},"branchMap":{"0":{"loc":{"start":{"line":16,"column":6},"end":{"line":18,"column":7}},"type":"if","locations":[{"start":{"line":16,"column":6},"end":{"line":18,"column":7}}]},"1":{"loc":{"start":{"line":16,"column":11},"end":{"line":16,"column":31}},"type":"cond-expr","locations":[{"start":{"line":16,"column":21},"end":{"line":16,"column":23}},{"start":{"line":16,"column":11},"end":{"line":16,"column":31}}]},"2":{"loc":{"start":{"line":16,"column":11},"end":{"line":16,"column":23}},"type":"binary-expr","locations":[{"start":{"line":16,"column":11},"end":{"line":16,"column":23}},{"start":{"line":16,"column":11},"end":{"line":16,"column":23}}]},"3":{"loc":{"start":{"line":20,"column":6},"end":{"line":22,"column":7}},"type":"if","locations":[{"start":{"line":20,"column":6},"end":{"line":22,"column":7}}]}},"s":{"0":1,"1":6,"2":6,"3":6,"4":6,"5":5,"6":1,"7":4,"8":4,"9":1,"10":3,"11":1,"12":1},"f":{"0":6,"1":6},"b":{"0":[1],"1":[0,5],"2":[5,5],"3":[1]}}
,"C:\\Users\\421931\\Desktop\\projects_carlos\\produtividade\\back\\src\\presentation\\controllers\\update-status-controller.ts": {"path":"C:\\Users\\421931\\Desktop\\projects_carlos\\produtividade\\back\\src\\presentation\\controllers\\update-status-controller.ts","statementMap":{"0":{"start":{"line":2,"column":0},"end":{"line":2,"column":63}},"1":{"start":{"line":8,"column":21},"end":{"line":8,"column":59}},"2":{"start":{"line":9,"column":21},"end":{"line":9,"column":53}},"3":{"start":{"line":13,"column":4},"end":{"line":25,"column":5}},"4":{"start":{"line":14,"column":25},"end":{"line":14,"column":69}},"5":{"start":{"line":15,"column":6},"end":{"line":17,"column":7}},"6":{"start":{"line":16,"column":8},"end":{"line":16,"column":null}},"7":{"start":{"line":18,"column":21},"end":{"line":18,"column":60}},"8":{"start":{"line":19,"column":6},"end":{"line":21,"column":7}},"9":{"start":{"line":20,"column":8},"end":{"line":20,"column":null}},"10":{"start":{"line":22,"column":6},"end":{"line":22,"column":null}},"11":{"start":{"line":24,"column":6},"end":{"line":24,"column":null}},"12":{"start":{"line":6,"column":0},"end":{"line":6,"column":13}}},"fnMap":{"0":{"name":"(anonymous_0)","decl":{"start":{"line":7,"column":2},"end":{"line":7,"column":null}},"loc":{"start":{"line":9,"column":53},"end":{"line":10,"column":6}}},"1":{"name":"(anonymous_1)","decl":{"start":{"line":12,"column":2},"end":{"line":12,"column":7}},"loc":{"start":{"line":12,"column":28},"end":{"line":26,"column":3}}}},"branchMap":{"0":{"loc":{"start":{"line":15,"column":6},"end":{"line":17,"column":7}},"type":"if","locations":[{"start":{"line":15,"column":6},"end":{"line":17,"column":7}}]},"1":{"loc":{"start":{"line":15,"column":11},"end":{"line":15,"column":31}},"type":"cond-expr","locations":[{"start":{"line":15,"column":21},"end":{"line":15,"column":23}},{"start":{"line":15,"column":11},"end":{"line":15,"column":31}}]},"2":{"loc":{"start":{"line":15,"column":11},"end":{"line":15,"column":23}},"type":"binary-expr","locations":[{"start":{"line":15,"column":11},"end":{"line":15,"column":23}},{"start":{"line":15,"column":11},"end":{"line":15,"column":23}}]},"3":{"loc":{"start":{"line":19,"column":6},"end":{"line":21,"column":7}},"type":"if","locations":[{"start":{"line":19,"column":6},"end":{"line":21,"column":7}}]}},"s":{"0":1,"1":6,"2":6,"3":6,"4":6,"5":5,"6":1,"7":4,"8":4,"9":1,"10":3,"11":1,"12":1},"f":{"0":6,"1":6},"b":{"0":[1],"1":[0,5],"2":[5,5],"3":[1]}}
,"C:\\Users\\421931\\Desktop\\projects_carlos\\produtividade\\back\\src\\presentation\\errors\\server-error.ts": {"path":"C:\\Users\\421931\\Desktop\\projects_carlos\\produtividade\\back\\src\\presentation\\errors\\server-error.ts","statementMap":{"0":{"start":{"line":3,"column":4},"end":{"line":3,"column":null}},"1":{"start":{"line":4,"column":4},"end":{"line":4,"column":null}},"2":{"start":{"line":5,"column":4},"end":{"line":5,"column":null}},"3":{"start":{"line":1,"column":0},"end":{"line":1,"column":13}}},"fnMap":{"0":{"name":"(anonymous_0)","decl":{"start":{"line":2,"column":2},"end":{"line":2,"column":15}},"loc":{"start":{"line":2,"column":28},"end":{"line":6,"column":3}}}},"branchMap":{},"s":{"0":4,"1":4,"2":4,"3":2},"f":{"0":4},"b":{}}
,"C:\\Users\\421931\\Desktop\\projects_carlos\\produtividade\\back\\src\\presentation\\helpers\\http-helper.ts": {"path":"C:\\Users\\421931\\Desktop\\projects_carlos\\produtividade\\back\\src\\presentation\\helpers\\http-helper.ts","statementMap":{"0":{"start":{"line":2,"column":0},"end":{"line":2,"column":39}},"1":{"start":{"line":4,"column":26},"end":{"line":7,"column":2}},"2":{"start":{"line":4,"column":59},"end":{"line":7,"column":2}},"3":{"start":{"line":4,"column":13},"end":{"line":4,"column":26}},"4":{"start":{"line":9,"column":27},"end":{"line":12,"column":2}},"5":{"start":{"line":9,"column":60},"end":{"line":12,"column":2}},"6":{"start":{"line":9,"column":13},"end":{"line":9,"column":27}},"7":{"start":{"line":14,"column":18},"end":{"line":17,"column":2}},"8":{"start":{"line":14,"column":48},"end":{"line":17,"column":2}},"9":{"start":{"line":14,"column":13},"end":{"line":14,"column":18}},"10":{"start":{"line":19,"column":25},"end":{"line":22,"column":2}},"11":{"start":{"line":19,"column":46},"end":{"line":22,"column":2}},"12":{"start":{"line":19,"column":13},"end":{"line":19,"column":25}}},"fnMap":{"0":{"name":"(anonymous_0)","decl":{"start":{"line":4,"column":26},"end":{"line":4,"column":27}},"loc":{"start":{"line":4,"column":59},"end":{"line":7,"column":2}}},"1":{"name":"(anonymous_1)","decl":{"start":{"line":9,"column":27},"end":{"line":9,"column":28}},"loc":{"start":{"line":9,"column":60},"end":{"line":12,"column":2}}},"2":{"name":"(anonymous_2)","decl":{"start":{"line":14,"column":18},"end":{"line":14,"column":19}},"loc":{"start":{"line":14,"column":48},"end":{"line":17,"column":2}}},"3":{"name":"(anonymous_3)","decl":{"start":{"line":19,"column":25},"end":{"line":19,"column":42}},"loc":{"start":{"line":19,"column":46},"end":{"line":22,"column":2}}}},"branchMap":{},"s":{"0":2,"1":2,"2":8,"3":2,"4":2,"5":4,"6":2,"7":2,"8":4,"9":2,"10":2,"11":4,"12":2},"f":{"0":8,"1":4,"2":4,"3":4},"b":{}}
}
