TN:
SF:src\data\useCases\db-add-productivity.ts
FN:5,(anonymous_0)
FN:7,(anonymous_1)
FNF:2
FNH:2
FNDA:3,(anonymous_0)
FNDA:3,(anonymous_1)
DA:4,1
DA:5,3
DA:8,3
DA:9,2
LF:4
LH:4
BRF:0
BRH:0
end_of_record
TN:
SF:src\domain\models\productivityDetails.ts
FN:20,(anonymous_0)
FN:26,(anonymous_1)
FN:32,(anonymous_2)
FN:37,(anonymous_3)
FNF:4
FNH:0
FNDA:0,(anonymous_0)
FNDA:0,(anonymous_1)
FNDA:0,(anonymous_2)
FNDA:0,(anonymous_3)
DA:20,0
DA:21,0
DA:22,0
DA:23,0
DA:26,0
DA:27,0
DA:28,0
DA:29,0
DA:32,0
DA:33,0
DA:34,0
DA:37,0
DA:38,0
DA:39,0
LF:14
LH:0
BRDA:20,0,0,0
BRDA:20,0,1,0
BRDA:26,1,0,0
BRDA:26,1,1,0
BRDA:32,2,0,0
BRDA:32,2,1,0
BRDA:37,3,0,0
BRDA:37,3,1,0
BRF:8
BRH:0
end_of_record
TN:
SF:src\domain\models\transportDetails.ts
FN:37,(anonymous_0)
FN:43,(anonymous_1)
FN:49,(anonymous_2)
FN:54,(anonymous_3)
FNF:4
FNH:4
FNDA:3,(anonymous_0)
FNDA:3,(anonymous_1)
FNDA:3,(anonymous_2)
FNDA:3,(anonymous_3)
DA:37,3
DA:38,3
DA:39,3
DA:40,3
DA:43,3
DA:44,3
DA:45,3
DA:46,3
DA:49,3
DA:50,3
DA:51,3
DA:54,3
DA:55,3
DA:56,3
LF:14
LH:14
BRDA:37,0,0,3
BRDA:37,0,1,3
BRDA:43,1,0,3
BRDA:43,1,1,3
BRDA:49,2,0,3
BRDA:49,2,1,3
BRDA:54,3,0,3
BRDA:54,3,1,3
BRF:8
BRH:8
end_of_record
TN:
SF:src\infra\db\repository-add-productivity-prisma.ts
FN:5,(anonymous_0)
FN:6,(anonymous_1)
FNF:2
FNH:2
FNDA:3,(anonymous_0)
FNDA:2,(anonymous_1)
DA:4,1
DA:5,3
DA:7,2
DA:8,2
DA:10,2
DA:11,1
DA:13,1
DA:14,1
DA:47,0
LF:9
LH:8
BRDA:10,0,0,1
BRF:1
BRH:1
end_of_record
TN:
SF:src\infra\helpers\returnParams.ts
FN:3,(anonymous_0)
FNF:1
FNH:0
FNDA:0,(anonymous_0)
DA:3,0
DA:4,0
DA:5,0
DA:11,0
LF:4
LH:0
BRDA:4,0,0,0
BRDA:4,1,0,0
BRDA:4,1,1,0
BRDA:4,2,0,0
BRDA:4,2,1,0
BRDA:7,3,0,0
BRDA:7,3,1,0
BRF:7
BRH:0
end_of_record
TN:
SF:src\infra\validator\zod\validatorZod.ts
FN:7,(anonymous_0)
FN:11,(anonymous_1)
FN:22,(anonymous_2)
FNF:3
FNH:3
FNDA:5,(anonymous_0)
FNDA:4,(anonymous_1)
FNDA:5,(anonymous_2)
DA:2,1
DA:4,1
DA:8,5
DA:13,4
DA:14,4
DA:15,1
DA:20,3
DA:22,5
DA:24,3
LF:9
LH:9
BRDA:20,0,0,3
BRF:1
BRH:1
end_of_record
TN:
SF:src\presentation\controllers\add-productivity.ts
FN:7,(anonymous_0)
FN:12,(anonymous_1)
FNF:2
FNH:2
FNDA:6,(anonymous_0)
FNDA:6,(anonymous_1)
DA:4,1
DA:6,1
DA:8,6
DA:9,6
DA:13,6
DA:14,6
DA:16,5
DA:17,1
DA:19,4
DA:20,4
DA:21,1
DA:23,3
DA:25,1
LF:13
LH:13
BRDA:16,0,0,1
BRDA:16,1,0,0
BRDA:16,1,1,5
BRDA:16,2,0,5
BRDA:16,2,1,5
BRDA:20,3,0,1
BRF:6
BRH:5
end_of_record
TN:
SF:src\presentation\controllers\update-status-controller.ts
FN:7,(anonymous_0)
FN:12,(anonymous_1)
FNF:2
FNH:2
FNDA:6,(anonymous_0)
FNDA:6,(anonymous_1)
DA:2,1
DA:6,1
DA:8,6
DA:9,6
DA:13,6
DA:14,6
DA:15,5
DA:16,1
DA:18,4
DA:19,4
DA:20,1
DA:22,3
DA:24,1
LF:13
LH:13
BRDA:15,0,0,1
BRDA:15,1,0,0
BRDA:15,1,1,5
BRDA:15,2,0,5
BRDA:15,2,1,5
BRDA:19,3,0,1
BRF:6
BRH:5
end_of_record
TN:
SF:src\presentation\errors\server-error.ts
FN:2,(anonymous_0)
FNF:1
FNH:1
FNDA:4,(anonymous_0)
DA:1,2
DA:3,4
DA:4,4
DA:5,4
LF:4
LH:4
BRF:0
BRH:0
end_of_record
TN:
SF:src\presentation\helpers\http-helper.ts
FN:4,(anonymous_0)
FN:9,(anonymous_1)
FN:14,(anonymous_2)
FN:19,(anonymous_3)
FNF:4
FNH:4
FNDA:8,(anonymous_0)
FNDA:4,(anonymous_1)
FNDA:4,(anonymous_2)
FNDA:4,(anonymous_3)
DA:2,2
DA:4,8
DA:9,4
DA:14,4
DA:19,4
LF:5
LH:5
BRF:0
BRH:0
end_of_record
